d:\2021summer_game\2021summer_game\release\2021summer_game.ipdb
d:\2021summer_game\2021summer_game\release\2021summer_game.iobj
d:\2021summer_game\2021summer_game\release\vc142.pdb
d:\2021summer_game\2021summer_game\release\user_interface.obj
d:\2021summer_game\2021summer_game\release\title.obj
d:\2021summer_game\2021summer_game\release\player.obj
d:\2021summer_game\2021summer_game\release\param_info.obj
d:\2021summer_game\2021summer_game\release\main.obj
d:\2021summer_game\2021summer_game\release\init.obj
d:\2021summer_game\2021summer_game\release\hit_check.obj
d:\2021summer_game\2021summer_game\release\gameover.obj
d:\2021summer_game\2021summer_game\release\camera.obj
d:\2021summer_game\2021summer_game\release\3dmodel.obj
d:\2021summer_game\2021summer_game\release\2021summer_game.exe
d:\2021summer_game\2021summer_game\release\2021summer_game.pdb
d:\2021summer_game\2021summer_game\release\2021summer_game.tlog\2021summer_game.write.1u.tlog
d:\2021summer_game\2021summer_game\release\2021summer_game.tlog\cl.command.1.tlog
d:\2021summer_game\2021summer_game\release\2021summer_game.tlog\cl.read.1.tlog
d:\2021summer_game\2021summer_game\release\2021summer_game.tlog\cl.write.1.tlog
d:\2021summer_game\2021summer_game\release\2021summer_game.tlog\link.command.1.tlog
d:\2021summer_game\2021summer_game\release\2021summer_game.tlog\link.read.1.tlog
d:\2021summer_game\2021summer_game\release\2021summer_game.tlog\link.write.1.tlog
